\BOOKMARK [1][-]{section.1}{\376\377\116\313\176\315}{}% 1
\BOOKMARK [2][-]{subsection.1.1}{\376\377\170\024\172\166\200\314\146\157}{section.1}% 2
\BOOKMARK [2][-]{subsection.1.2}{\376\377\170\024\172\166\121\205\133\271}{section.1}% 3
\BOOKMARK [1][-]{section.2}{\376\377\170\024\172\166\121\205\133\271}{}% 4
\BOOKMARK [2][-]{subsection.2.1}{\376\377\170\024\172\166\145\271\154\325}{section.2}% 5
\BOOKMARK [3][-]{subsubsection.2.1.1}{\376\377\201\352\166\370\121\163\174\373\145\160\166\204\213\241\173\227}{subsection.2.1}% 6
\BOOKMARK [3][-]{subsubsection.2.1.2}{\376\377\123\302\145\160\117\060\213\241\121\306\170\156\140\047\213\304\117\060}{subsection.2.1}% 7
\BOOKMARK [3][-]{subsubsection.2.1.3}{\376\377\177\156\117\341\123\072\225\364\133\275\136\246}{subsection.2.1}% 8
\BOOKMARK [2][-]{subsection.2.2}{\376\377\170\024\172\166\121\205\133\271\116\016\213\376\172\013\166\204\121\163\200\124\140\047}{section.2}% 9
\BOOKMARK [2][-]{subsection.2.3}{\376\377\170\024\172\166\121\205\133\271\166\204\122\033\145\260\160\271}{section.2}% 10
\BOOKMARK [1][-]{section.3}{\376\377\152\041\142\337\133\236\232\214}{}% 11
\BOOKMARK [2][-]{subsection.3.1}{\376\377\133\236\232\214\176\323\147\234}{section.3}% 12
\BOOKMARK [2][-]{subsection.3.2}{\376\377\122\006\147\220\116\016\137\122\176\263}{section.3}% 13
\BOOKMARK [3][-]{subsubsection.3.2.1}{\376\377\143\320\213\256\122\006\136\003\145\271\135\356\133\371\201\352\166\370\121\163\174\373\145\160\166\204\137\161\124\315}{subsection.3.2}% 14
\BOOKMARK [3][-]{subsubsection.3.2.2}{\376\377\201\352\166\370\121\163\140\047\133\371\123\302\145\160\117\060\213\241\121\306\170\156\140\047\166\204\137\161\124\315}{subsection.3.2}% 15
\BOOKMARK [3][-]{subsubsection.3.2.3}{\376\377\201\352\166\370\121\163\140\047\133\371\177\156\117\341\123\072\225\364\133\275\136\246\166\204\137\161\124\315}{subsection.3.2}% 16
\BOOKMARK [1][-]{section.4}{\376\377\140\073\176\323}{}% 17
\BOOKMARK [2][-]{subsection.4.1}{\376\377\170\024\172\166\176\323\147\234\140\073\176\323}{section.4}% 18
\BOOKMARK [2][-]{subsection.4.2}{\376\377\147\052\211\343\121\263\166\204\225\356\230\230\116\016\147\052\147\145\170\024\172\166\145\271\124\021}{section.4}% 19
\BOOKMARK [1][-]{appendix.A}{\376\377\226\104\137\125\377\032\116\343\170\001}{}% 20
